<?xml version="1.0" encoding="UTF-8"?>
<!-- Generated by org.testng.reporters.JUnitReportReporter -->
<testsuite hostname="Rashmis-MBP" failures="0" tests="1" name="Testcases.Loginapplicationtests" time="10.238" errors="0" timestamp="2020-05-11T13:36:50 IST" skipped="0">
  <testcase classname="Testcases.Loginapplicationtests" name="login" time="10.238"/>
  <system-out/>
</testsuite> <!-- Testcases.Loginapplicationtests -->
